<?xml version="1.0" encoding="UTF-8"?>
<!-- Generated by org.testng.reporters.JUnitXMLReporter -->
<testsuite ignored="9" hostname="nadsoft013" failures="1" tests="1" name="911" time="72.653" errors="0" timestamp="2026-04-14T18:59:48 IST">
  <testcase classname="dailyTesting_911.invoices" name="FullPayment_Operations" time="60.123">
    <failure type="org.openqa.selenium.ElementClickInterceptedException" message="element click intercepted: Element &amp;lt;button class=&amp;quot;btn focus:shadow-none btn-large h-[11px] mt-2 !px-2 ml-3 w-auto hover:bg-[#0000000A] mr-2 rounded-[99px]&amp;quot; type=&amp;quot;button&amp;quot;&amp;gt;...&amp;lt;/button&amp;gt; is not clickable at point (845, 434). Other element would receive the click: &amp;lt;svg width=&amp;quot;18&amp;quot; height=&amp;quot;18&amp;quot; viewBox=&amp;quot;0 0 16 16&amp;quot; fill=&amp;quot;none&amp;quot; xmlns=&amp;quot;http://www.w3.org/2000/svg&amp;quot;&amp;gt;...&amp;lt;/svg&amp;gt;
  (Session info: chrome=146.0.7680.164)
Build info: version: &amp;apos;4.13.0&amp;apos;, revision: &amp;apos;ba948ece5b*&amp;apos;
System info: os.name: &amp;apos;Linux&amp;apos;, os.arch: &amp;apos;amd64&amp;apos;, os.version: &amp;apos;5.15.0-139-generic&amp;apos;, java.version: &amp;apos;21.0.1&amp;apos;
Driver info: org.openqa.selenium.chrome.ChromeDriver
Command: [777dcf1339471da7ca0165b26021cdaf, clickElement {id=f.1B68F8D368E0F3F98D238894F606C1F3.d.8148988FE0C5B1657A18DA16F7D30494.e.863}]
Capabilities {acceptInsecureCerts: false, browserName: chrome, browserVersion: 146.0.7680.164, chrome: {chromedriverVersion: 146.0.7680.165 (4b989da09e1..., userDataDir: /tmp/org.chromium.Chromium....}, fedcm:accounts: true, goog:chromeOptions: {debuggerAddress: localhost:35901}, goog:processID: 95338, networkConnectionEnabled: false, pageLoadStrategy: normal, platformName: linux, proxy: Proxy(), se:cdp: ws://localhost:35901/devtoo..., se:cdpVersion: 146.0.7680.164, setWindowRect: true, strictFileInteractability: false, timeouts: {implicit: 0, pageLoad: 300000, script: 30000}, unhandledPromptBehavior: dismiss and notify, webauthn:extension:credBlob: true, webauthn:extension:largeBlob: true, webauthn:extension:minPinLength: true, webauthn:extension:prf: true, webauthn:virtualAuthenticators: true}
Element: [[ChromeDriver: chrome on linux (777dcf1339471da7ca0165b26021cdaf)] -&amp;gt; xpath: //p[text()=&amp;apos; Add Discount&amp;apos;]//parent::span//parent::button]
Session ID: 777dcf1339471da7ca0165b26021cdaf">
      <![CDATA[org.openqa.selenium.ElementClickInterceptedException: element click intercepted: Element <button class="btn focus:shadow-none btn-large h-[11px] mt-2 !px-2 ml-3 w-auto hover:bg-[#0000000A] mr-2 rounded-[99px]" type="button">...</button> is not clickable at point (845, 434). Other element would receive the click: <svg width="18" height="18" viewBox="0 0 16 16" fill="none" xmlns="http://www.w3.org/2000/svg">...</svg>
  (Session info: chrome=146.0.7680.164)
Build info: version: '4.13.0', revision: 'ba948ece5b*'
System info: os.name: 'Linux', os.arch: 'amd64', os.version: '5.15.0-139-generic', java.version: '21.0.1'
Driver info: org.openqa.selenium.chrome.ChromeDriver
Command: [777dcf1339471da7ca0165b26021cdaf, clickElement {id=f.1B68F8D368E0F3F98D238894F606C1F3.d.8148988FE0C5B1657A18DA16F7D30494.e.863}]
Capabilities {acceptInsecureCerts: false, browserName: chrome, browserVersion: 146.0.7680.164, chrome: {chromedriverVersion: 146.0.7680.165 (4b989da09e1..., userDataDir: /tmp/org.chromium.Chromium....}, fedcm:accounts: true, goog:chromeOptions: {debuggerAddress: localhost:35901}, goog:processID: 95338, networkConnectionEnabled: false, pageLoadStrategy: normal, platformName: linux, proxy: Proxy(), se:cdp: ws://localhost:35901/devtoo..., se:cdpVersion: 146.0.7680.164, setWindowRect: true, strictFileInteractability: false, timeouts: {implicit: 0, pageLoad: 300000, script: 30000}, unhandledPromptBehavior: dismiss and notify, webauthn:extension:credBlob: true, webauthn:extension:largeBlob: true, webauthn:extension:minPinLength: true, webauthn:extension:prf: true, webauthn:virtualAuthenticators: true}
Element: [[ChromeDriver: chrome on linux (777dcf1339471da7ca0165b26021cdaf)] -> xpath: //p[text()=' Add Discount']//parent::span//parent::button]
Session ID: 777dcf1339471da7ca0165b26021cdaf
at org.openqa.selenium.remote.codec.w3c.W3CHttpResponseCodec.createException(W3CHttpResponseCodec.java:200)
at org.openqa.selenium.remote.codec.w3c.W3CHttpResponseCodec.decode(W3CHttpResponseCodec.java:133)
at org.openqa.selenium.remote.codec.w3c.W3CHttpResponseCodec.decode(W3CHttpResponseCodec.java:52)
at org.openqa.selenium.remote.HttpCommandExecutor.execute(HttpCommandExecutor.java:191)
at org.openqa.selenium.remote.service.DriverCommandExecutor.invokeExecute(DriverCommandExecutor.java:196)
at org.openqa.selenium.remote.service.DriverCommandExecutor.execute(DriverCommandExecutor.java:171)
at org.openqa.selenium.remote.RemoteWebDriver.execute(RemoteWebDriver.java:602)
at org.openqa.selenium.remote.RemoteWebElement.execute(RemoteWebElement.java:224)
at org.openqa.selenium.remote.RemoteWebElement.click(RemoteWebElement.java:77)
at dailyTesting_911.invoices.FullPayment_Operations(invoices.java:1045)
at java.base/java.util.ArrayList.forEach(ArrayList.java:1596)
at java.base/java.util.concurrent.FutureTask.run(FutureTask.java:317)
at java.base/java.util.concurrent.ThreadPoolExecutor.runWorker(ThreadPoolExecutor.java:1144)
at java.base/java.util.concurrent.ThreadPoolExecutor$Worker.run(ThreadPoolExecutor.java:642)
at java.base/java.lang.Thread.run(Thread.java:1583)
... Removed 18 stack frames]]>
    </failure>
  </testcase> <!-- FullPayment_Operations -->
  <testcase classname="dailyTesting_911.invoices" name="SplitPayment_WithoutDualPrice" time="0.0">
    <ignored/>
  </testcase> <!-- SplitPayment_WithoutDualPrice -->
  <testcase classname="dailyTesting_911.invoices" name="SplitPayment_WithDualPrice" time="0.0">
    <ignored/>
  </testcase> <!-- SplitPayment_WithDualPrice -->
  <testcase classname="dailyTesting_911.invoices" name="Full_SplitPayment_Refund" time="0.0">
    <ignored/>
  </testcase> <!-- Full_SplitPayment_Refund -->
  <testcase classname="dailyTesting_911.invoices" name="Filter_Invoice" time="0.0">
    <ignored/>
  </testcase> <!-- Filter_Invoice -->
  <testcase classname="dailyTesting_911.invoices" name="FullPayment_WithoutDualPrice" time="0.0">
    <ignored/>
  </testcase> <!-- FullPayment_WithoutDualPrice -->
  <testcase classname="dailyTesting_911.invoices" name="SplitPayment_Operations" time="0.0">
    <ignored/>
  </testcase> <!-- SplitPayment_Operations -->
  <testcase classname="dailyTesting_911.invoices" name="FullPayment_WithDualprice" time="0.0">
    <ignored/>
  </testcase> <!-- FullPayment_WithDualprice -->
  <testcase classname="dailyTesting_911.invoices" name="Bulk_Operations" time="0.0">
    <ignored/>
  </testcase> <!-- Bulk_Operations -->
  <testcase classname="dailyTesting_911.invoices" name="Createtemplate" time="0.0">
    <ignored/>
  </testcase> <!-- Createtemplate -->
</testsuite> <!-- 911 -->
