<?xml version="1.0" encoding="UTF-8"?>
<!-- Generated by org.testng.reporters.JUnitXMLReporter -->
<testsuite ignored="7" hostname="nadsoft013" failures="1" tests="1" name="Products" time="249.171" errors="0" timestamp="2026-04-11T17:34:32 IST">
  <testcase classname="Modules.Products" name="SubscriptionProduct_Weekly" time="233.772">
    <failure type="org.openqa.selenium.NoSuchElementException" message="no such element: Unable to locate element: {&amp;quot;method&amp;quot;:&amp;quot;xpath&amp;quot;,&amp;quot;selector&amp;quot;:&amp;quot;//span[normalize-space()=&amp;quot;monthly&amp;quot;]&amp;quot;}
  (Session info: chrome=146.0.7680.164)
For documentation on this error, please visit: https://www.selenium.dev/documentation/webdriver/troubleshooting/errors#no-such-element-exception
Build info: version: &amp;apos;4.13.0&amp;apos;, revision: &amp;apos;ba948ece5b*&amp;apos;
System info: os.name: &amp;apos;Linux&amp;apos;, os.arch: &amp;apos;amd64&amp;apos;, os.version: &amp;apos;5.15.0-139-generic&amp;apos;, java.version: &amp;apos;21.0.1&amp;apos;
Driver info: org.openqa.selenium.chrome.ChromeDriver
Command: [5b5d0fb562a49ff0942d3a1c861c29fb, findElement {using=xpath, value=//span[normalize-space()=&amp;quot;monthly&amp;quot;]}]
Capabilities {acceptInsecureCerts: false, browserName: chrome, browserVersion: 146.0.7680.164, chrome: {chromedriverVersion: 146.0.7680.165 (4b989da09e1..., userDataDir: /tmp/org.chromium.Chromium....}, fedcm:accounts: true, goog:chromeOptions: {debuggerAddress: localhost:37921}, goog:processID: 48750, networkConnectionEnabled: false, pageLoadStrategy: normal, platformName: linux, proxy: Proxy(), se:cdp: ws://localhost:37921/devtoo..., se:cdpVersion: 146.0.7680.164, setWindowRect: true, strictFileInteractability: false, timeouts: {implicit: 0, pageLoad: 300000, script: 30000}, unhandledPromptBehavior: dismiss and notify, webauthn:extension:credBlob: true, webauthn:extension:largeBlob: true, webauthn:extension:minPinLength: true, webauthn:extension:prf: true, webauthn:virtualAuthenticators: true}
Session ID: 5b5d0fb562a49ff0942d3a1c861c29fb">
      <![CDATA[org.openqa.selenium.NoSuchElementException: no such element: Unable to locate element: {"method":"xpath","selector":"//span[normalize-space()="monthly"]"}
  (Session info: chrome=146.0.7680.164)
For documentation on this error, please visit: https://www.selenium.dev/documentation/webdriver/troubleshooting/errors#no-such-element-exception
Build info: version: '4.13.0', revision: 'ba948ece5b*'
System info: os.name: 'Linux', os.arch: 'amd64', os.version: '5.15.0-139-generic', java.version: '21.0.1'
Driver info: org.openqa.selenium.chrome.ChromeDriver
Command: [5b5d0fb562a49ff0942d3a1c861c29fb, findElement {using=xpath, value=//span[normalize-space()="monthly"]}]
Capabilities {acceptInsecureCerts: false, browserName: chrome, browserVersion: 146.0.7680.164, chrome: {chromedriverVersion: 146.0.7680.165 (4b989da09e1..., userDataDir: /tmp/org.chromium.Chromium....}, fedcm:accounts: true, goog:chromeOptions: {debuggerAddress: localhost:37921}, goog:processID: 48750, networkConnectionEnabled: false, pageLoadStrategy: normal, platformName: linux, proxy: Proxy(), se:cdp: ws://localhost:37921/devtoo..., se:cdpVersion: 146.0.7680.164, setWindowRect: true, strictFileInteractability: false, timeouts: {implicit: 0, pageLoad: 300000, script: 30000}, unhandledPromptBehavior: dismiss and notify, webauthn:extension:credBlob: true, webauthn:extension:largeBlob: true, webauthn:extension:minPinLength: true, webauthn:extension:prf: true, webauthn:virtualAuthenticators: true}
Session ID: 5b5d0fb562a49ff0942d3a1c861c29fb
at org.openqa.selenium.remote.codec.w3c.W3CHttpResponseCodec.createException(W3CHttpResponseCodec.java:200)
at org.openqa.selenium.remote.codec.w3c.W3CHttpResponseCodec.decode(W3CHttpResponseCodec.java:133)
at org.openqa.selenium.remote.codec.w3c.W3CHttpResponseCodec.decode(W3CHttpResponseCodec.java:52)
at org.openqa.selenium.remote.HttpCommandExecutor.execute(HttpCommandExecutor.java:191)
at org.openqa.selenium.remote.service.DriverCommandExecutor.invokeExecute(DriverCommandExecutor.java:196)
at org.openqa.selenium.remote.service.DriverCommandExecutor.execute(DriverCommandExecutor.java:171)
at org.openqa.selenium.remote.RemoteWebDriver.execute(RemoteWebDriver.java:602)
at org.openqa.selenium.remote.ElementLocation$ElementFinder$2.findElement(ElementLocation.java:165)
at org.openqa.selenium.remote.ElementLocation.findElement(ElementLocation.java:59)
at org.openqa.selenium.remote.RemoteWebDriver.findElement(RemoteWebDriver.java:359)
at org.openqa.selenium.remote.RemoteWebDriver.findElement(RemoteWebDriver.java:353)
at Modules.Products.SubscriptionProduct_Weekly(Products.java:2632)
at java.base/java.util.ArrayList.forEach(ArrayList.java:1596)
at java.base/java.util.concurrent.FutureTask.run(FutureTask.java:317)
at java.base/java.util.concurrent.ThreadPoolExecutor.runWorker(ThreadPoolExecutor.java:1144)
at java.base/java.util.concurrent.ThreadPoolExecutor$Worker.run(ThreadPoolExecutor.java:642)
at java.base/java.lang.Thread.run(Thread.java:1583)
... Removed 18 stack frames]]>
    </failure>
  </testcase> <!-- SubscriptionProduct_Weekly -->
  <testcase classname="Modules.Products" name="SubscriptionProduct_Quarterly" time="0.0">
    <ignored/>
  </testcase> <!-- SubscriptionProduct_Quarterly -->
  <testcase classname="Modules.Products" name="NonInv_SubscriptionPurchase" time="0.0">
    <ignored/>
  </testcase> <!-- NonInv_SubscriptionPurchase -->
  <testcase classname="Modules.Products" name="SubscriptionProduct_Monthly" time="0.0">
    <ignored/>
  </testcase> <!-- SubscriptionProduct_Monthly -->
  <testcase classname="Modules.Products" name="SubscriptionProduct_Yearly" time="0.0">
    <ignored/>
  </testcase> <!-- SubscriptionProduct_Yearly -->
  <testcase classname="Modules.Products" name="Inv_SubscriptionPurchase" time="0.0">
    <ignored/>
  </testcase> <!-- Inv_SubscriptionPurchase -->
  <testcase classname="Modules.Products" name="Create_NewProduct" time="0.0">
    <ignored/>
  </testcase> <!-- Create_NewProduct -->
  <testcase classname="Modules.Products" name="Product_OneTimePurchase" time="0.0">
    <ignored/>
  </testcase> <!-- Product_OneTimePurchase -->
</testsuite> <!-- Products -->
