<?xml version="1.0" encoding="UTF-8"?>
<!-- Generated by org.testng.reporters.JUnitXMLReporter -->
<testsuite ignored="9" hostname="nadsoft013" failures="0" tests="1" name="Products Tests" time="178.323" errors="0" timestamp="2026-05-07T17:05:55 IST">
  <testcase classname="Modules.Products" name="TierUpsell" time="166.456"/>
  <testcase classname="Modules.Products" name="SubscriptionProduct_Quarterly" time="0.0">
    <ignored/>
  </testcase> <!-- SubscriptionProduct_Quarterly -->
  <testcase classname="Modules.Products" name="SubscriptionProduct_Yearly" time="0.0">
    <ignored/>
  </testcase> <!-- SubscriptionProduct_Yearly -->
  <testcase classname="Modules.Products" name="Inv_SubscriptionPurchase" time="0.0">
    <ignored/>
  </testcase> <!-- Inv_SubscriptionPurchase -->
  <testcase classname="Modules.Products" name="Create_NewProduct" time="0.0">
    <ignored/>
  </testcase> <!-- Create_NewProduct -->
  <testcase classname="Modules.Products" name="Product_OneTimePurchase" time="0.0">
    <ignored/>
  </testcase> <!-- Product_OneTimePurchase -->
  <testcase classname="Modules.Products" name="SubscriptionProduct_Weekly" time="0.0">
    <ignored/>
  </testcase> <!-- SubscriptionProduct_Weekly -->
  <testcase classname="Modules.Products" name="SubscriptionProduct_Monthly" time="0.0">
    <ignored/>
  </testcase> <!-- SubscriptionProduct_Monthly -->
  <testcase classname="Modules.Products" name="NonInv_SubscriptionPurchase" time="0.0">
    <ignored/>
  </testcase> <!-- NonInv_SubscriptionPurchase -->
  <testcase classname="Modules.Products" name="TierPricing" time="0.0">
    <ignored/>
  </testcase> <!-- TierPricing -->
</testsuite> <!-- Products Tests -->
