<?xml version="1.0" encoding="UTF-8"?>
<!-- Generated by org.testng.reporters.JUnitXMLReporter -->
<testsuite ignored="9" hostname="nadsoft013" failures="1" tests="1" name="Products" time="34.77" errors="0" timestamp="2026-05-07T13:37:21 IST">
  <testcase classname="Modules.Products" name="Create_NewProduct" time="24.029">
    <failure type="org.openqa.selenium.NoSuchElementException" message="no such element: Unable to locate element: {&amp;quot;method&amp;quot;:&amp;quot;css selector&amp;quot;,&amp;quot;selector&amp;quot;:&amp;quot;div.product-list-section&amp;gt;button:first-of-type&amp;quot;}
  (Session info: chrome=147.0.7727.137)
For documentation on this error, please visit: https://www.selenium.dev/documentation/webdriver/troubleshooting/errors#no-such-element-exception
Build info: version: &amp;apos;4.13.0&amp;apos;, revision: &amp;apos;ba948ece5b*&amp;apos;
System info: os.name: &amp;apos;Linux&amp;apos;, os.arch: &amp;apos;amd64&amp;apos;, os.version: &amp;apos;5.15.0-139-generic&amp;apos;, java.version: &amp;apos;21.0.1&amp;apos;
Driver info: org.openqa.selenium.chrome.ChromeDriver
Command: [2c7a70e413a1c0235aaa3eaedce15944, findElement {using=css selector, value=div.product-list-section&amp;gt;button:first-of-type}]
Capabilities {acceptInsecureCerts: false, browserName: chrome, browserVersion: 147.0.7727.137, chrome: {chromedriverVersion: 147.0.7727.117 (474cc805edd..., userDataDir: /tmp/org.chromium.Chromium....}, fedcm:accounts: true, goog:chromeOptions: {debuggerAddress: localhost:44599}, goog:processID: 17233, networkConnectionEnabled: false, pageLoadStrategy: normal, platformName: linux, proxy: Proxy(), se:cdp: ws://localhost:44599/devtoo..., se:cdpVersion: 147.0.7727.137, setWindowRect: true, strictFileInteractability: false, timeouts: {implicit: 0, pageLoad: 300000, script: 30000}, unhandledPromptBehavior: dismiss and notify, webauthn:extension:credBlob: true, webauthn:extension:largeBlob: true, webauthn:extension:minPinLength: true, webauthn:extension:prf: true, webauthn:virtualAuthenticators: true}
Session ID: 2c7a70e413a1c0235aaa3eaedce15944">
      <![CDATA[org.openqa.selenium.NoSuchElementException: no such element: Unable to locate element: {"method":"css selector","selector":"div.product-list-section>button:first-of-type"}
  (Session info: chrome=147.0.7727.137)
For documentation on this error, please visit: https://www.selenium.dev/documentation/webdriver/troubleshooting/errors#no-such-element-exception
Build info: version: '4.13.0', revision: 'ba948ece5b*'
System info: os.name: 'Linux', os.arch: 'amd64', os.version: '5.15.0-139-generic', java.version: '21.0.1'
Driver info: org.openqa.selenium.chrome.ChromeDriver
Command: [2c7a70e413a1c0235aaa3eaedce15944, findElement {using=css selector, value=div.product-list-section>button:first-of-type}]
Capabilities {acceptInsecureCerts: false, browserName: chrome, browserVersion: 147.0.7727.137, chrome: {chromedriverVersion: 147.0.7727.117 (474cc805edd..., userDataDir: /tmp/org.chromium.Chromium....}, fedcm:accounts: true, goog:chromeOptions: {debuggerAddress: localhost:44599}, goog:processID: 17233, networkConnectionEnabled: false, pageLoadStrategy: normal, platformName: linux, proxy: Proxy(), se:cdp: ws://localhost:44599/devtoo..., se:cdpVersion: 147.0.7727.137, setWindowRect: true, strictFileInteractability: false, timeouts: {implicit: 0, pageLoad: 300000, script: 30000}, unhandledPromptBehavior: dismiss and notify, webauthn:extension:credBlob: true, webauthn:extension:largeBlob: true, webauthn:extension:minPinLength: true, webauthn:extension:prf: true, webauthn:virtualAuthenticators: true}
Session ID: 2c7a70e413a1c0235aaa3eaedce15944
at org.openqa.selenium.remote.codec.w3c.W3CHttpResponseCodec.createException(W3CHttpResponseCodec.java:200)
at org.openqa.selenium.remote.codec.w3c.W3CHttpResponseCodec.decode(W3CHttpResponseCodec.java:133)
at org.openqa.selenium.remote.codec.w3c.W3CHttpResponseCodec.decode(W3CHttpResponseCodec.java:52)
at org.openqa.selenium.remote.HttpCommandExecutor.execute(HttpCommandExecutor.java:191)
at org.openqa.selenium.remote.service.DriverCommandExecutor.invokeExecute(DriverCommandExecutor.java:196)
at org.openqa.selenium.remote.service.DriverCommandExecutor.execute(DriverCommandExecutor.java:171)
at org.openqa.selenium.remote.RemoteWebDriver.execute(RemoteWebDriver.java:602)
at org.openqa.selenium.remote.ElementLocation$ElementFinder$2.findElement(ElementLocation.java:165)
at org.openqa.selenium.remote.ElementLocation.findElement(ElementLocation.java:59)
at org.openqa.selenium.remote.RemoteWebDriver.findElement(RemoteWebDriver.java:359)
at org.openqa.selenium.remote.RemoteWebDriver.findElement(RemoteWebDriver.java:353)
at Modules.Products.Create_NewProduct(Products.java:53)
at java.base/java.util.ArrayList.forEach(ArrayList.java:1596)
at java.base/java.util.concurrent.FutureTask.run(FutureTask.java:317)
at java.base/java.util.concurrent.ThreadPoolExecutor.runWorker(ThreadPoolExecutor.java:1144)
at java.base/java.util.concurrent.ThreadPoolExecutor$Worker.run(ThreadPoolExecutor.java:642)
at java.base/java.lang.Thread.run(Thread.java:1583)
... Removed 18 stack frames]]>
    </failure>
  </testcase> <!-- Create_NewProduct -->
  <testcase classname="Modules.Products" name="TierPricing" time="0.0">
    <ignored/>
  </testcase> <!-- TierPricing -->
  <testcase classname="Modules.Products" name="SubscriptionProduct_Quarterly" time="0.0">
    <ignored/>
  </testcase> <!-- SubscriptionProduct_Quarterly -->
  <testcase classname="Modules.Products" name="NonInv_SubscriptionPurchase" time="0.0">
    <ignored/>
  </testcase> <!-- NonInv_SubscriptionPurchase -->
  <testcase classname="Modules.Products" name="Inv_SubscriptionPurchase" time="0.0">
    <ignored/>
  </testcase> <!-- Inv_SubscriptionPurchase -->
  <testcase classname="Modules.Products" name="Product_OneTimePurchase" time="0.0">
    <ignored/>
  </testcase> <!-- Product_OneTimePurchase -->
  <testcase classname="Modules.Products" name="SubscriptionProduct_Monthly" time="0.0">
    <ignored/>
  </testcase> <!-- SubscriptionProduct_Monthly -->
  <testcase classname="Modules.Products" name="SubscriptionProduct_Yearly" time="0.0">
    <ignored/>
  </testcase> <!-- SubscriptionProduct_Yearly -->
  <testcase classname="Modules.Products" name="SubscriptionProduct_Weekly" time="0.0">
    <ignored/>
  </testcase> <!-- SubscriptionProduct_Weekly -->
  <testcase classname="Modules.Products" name="TierUpsell" time="0.0">
    <ignored/>
  </testcase> <!-- TierUpsell -->
</testsuite> <!-- Products -->
