<?xml version="1.0" encoding="UTF-8"?>
<!-- Generated by org.testng.reporters.JUnitXMLReporter -->
<testsuite ignored="0" hostname="DESKTOP-NF8SMKI" failures="1" tests="1" name="911(failed)(failed)(failed)(failed)(failed)(failed)" time="129.844" errors="0" timestamp="2025-08-07T20:01:13 IST">
  <testcase classname="DailyTesting.Nine11" name="Products" time="115.431">
    <failure type="java.lang.AssertionError" message="Customername not matching on order summery expected [NineEleven Contact] but found [qa@nadsoftdesign.com]">
      <![CDATA[java.lang.AssertionError: Customername not matching on order summery expected [NineEleven Contact] but found [qa@nadsoftdesign.com]
at DailyTesting.Nine11.Products(Nine11.java:203)
at java.base/java.util.ArrayList.forEach(ArrayList.java:1597)
... Removed 30 stack frames]]>
    </failure>
  </testcase> <!-- Products -->
</testsuite> <!-- 911(failed)(failed)(failed)(failed)(failed)(failed) -->
