<?xml version="1.0" encoding="UTF-8"?>
<testng-results ignored="9" total="10" passed="1" failed="0" skipped="0">
  <reporter-output>
  </reporter-output>
  <suite started-at="2026-05-07T17:02:57 IST" name="Suite" finished-at="2026-05-07T17:05:55 IST" duration-ms="178323">
    <groups>
    </groups>
    <test started-at="2026-05-07T17:02:57 IST" name="Products Tests" finished-at="2026-05-07T17:05:55 IST" duration-ms="178323">
      <class name="Modules.Products">
        <test-method is-config="true" signature="invokebrowser(java.lang.String,java.lang.String,java.lang.String,java.lang.String)[pri:0, instance:Modules.Products@1bf0f6f6]" started-at="2026-05-07T17:02:57 IST" name="invokebrowser" finished-at="2026-05-07T17:03:08 IST" duration-ms="11802" status="PASS">
          <params>
            <param index="0">
              <value>
                <![CDATA[chrome]]>
              </value>
            </param>
            <param index="1">
              <value>
                <![CDATA[rishikesh.sakharekar@gmail.com]]>
              </value>
            </param>
            <param index="2">
              <value>
                <![CDATA[Nadsoft@2202]]>
              </value>
            </param>
            <param index="3">
              <value>
                <![CDATA[Admin]]>
              </value>
            </param>
          </params>
          <reporter-output>
          </reporter-output>
        </test-method> <!-- invokebrowser -->
        <test-method signature="TierUpsell()[pri:9, instance:Modules.Products@1bf0f6f6]" started-at="2026-05-07T17:03:08 IST" name="TierUpsell" finished-at="2026-05-07T17:05:55 IST" duration-ms="166456" status="PASS">
          <reporter-output>
          </reporter-output>
        </test-method> <!-- TierUpsell -->
      </class> <!-- Modules.Products -->
    </test> <!-- Products Tests -->
  </suite> <!-- Suite -->
</testng-results>
