<?xml version="1.0" encoding="UTF-8"?>
<!-- Generated by org.testng.reporters.JUnitXMLReporter -->
<testsuite ignored="0" hostname="Rohan" failures="1" tests="1" name="911(failed)(failed)(failed)(failed)" time="102.258" errors="0" timestamp="2025-06-14T18:49:21 IST">
  <testcase classname="DailyTesting.Nine11" name="Products" time="83.648">
    <failure type="java.lang.AssertionError" message="Product Listing Not Found expected [true] but found [false]">
      <![CDATA[java.lang.AssertionError: Product Listing Not Found expected [true] but found [false]
at DailyTesting.Nine11.Products(Nine11.java:80)
at java.base/java.util.ArrayList.forEach(ArrayList.java:1511)
... Removed 28 stack frames]]>
    </failure>
  </testcase> <!-- Products -->
</testsuite> <!-- 911(failed)(failed)(failed)(failed) -->
