<?xml version="1.0" encoding="UTF-8"?>
<!-- Generated by org.testng.reporters.JUnitXMLReporter -->
<testsuite ignored="25" hostname="nadsoft013" failures="1" tests="1" name="911 Testing " time="360.492" errors="0" timestamp="2026-03-11T17:53:35 IST">
  <testcase classname="dailyTesting_911.Ecom_Nine11" name="Edit_order" time="346.969">
    <failure type="java.lang.NumberFormatException" message="multiple points">
      <![CDATA[java.lang.NumberFormatException: multiple points
at java.base/jdk.internal.math.FloatingDecimal.readJavaFormatString(FloatingDecimal.java:1914)
at java.base/jdk.internal.math.FloatingDecimal.parseDouble(FloatingDecimal.java:110)
at java.base/java.lang.Double.parseDouble(Double.java:792)
at dailyTesting_911.Ecom_Nine11.Edit_order(Ecom_Nine11.java:1769)
at java.base/java.util.ArrayList.forEach(ArrayList.java:1596)
at java.base/java.util.concurrent.FutureTask.run(FutureTask.java:317)
at java.base/java.util.concurrent.ThreadPoolExecutor.runWorker(ThreadPoolExecutor.java:1144)
at java.base/java.util.concurrent.ThreadPoolExecutor$Worker.run(ThreadPoolExecutor.java:642)
at java.base/java.lang.Thread.run(Thread.java:1583)
... Removed 15 stack frames]]>
    </failure>
  </testcase> <!-- Edit_order -->
  <testcase classname="dailyTesting_911.Ecom_Nine11" name="NonInventory_OneTimeProducts" time="0.0">
    <ignored/>
  </testcase> <!-- NonInventory_OneTimeProducts -->
  <testcase classname="dailyTesting_911.Ecom_Nine11" name="Order_status" time="0.0">
    <ignored/>
  </testcase> <!-- Order_status -->
  <testcase classname="dailyTesting_911.Ecom_Nine11" name="VirtualTerminal_salesOrder" time="0.0">
    <ignored/>
  </testcase> <!-- VirtualTerminal_salesOrder -->
  <testcase classname="dailyTesting_911.Ecom_Nine11" name="SubscriptionSettings" time="0.0">
    <ignored/>
  </testcase> <!-- SubscriptionSettings -->
  <testcase classname="dailyTesting_911.Ecom_Nine11" name="PremadeGift_SalesOrder" time="0.0">
    <ignored/>
  </testcase> <!-- PremadeGift_SalesOrder -->
  <testcase classname="dailyTesting_911.Ecom_Nine11" name="VT" time="0.0">
    <ignored/>
  </testcase> <!-- VT -->
  <testcase classname="dailyTesting_911.Ecom_Nine11" name="Inventory_SuscriptionProducts" time="0.0">
    <ignored/>
  </testcase> <!-- Inventory_SuscriptionProducts -->
  <testcase classname="dailyTesting_911.Ecom_Nine11" name="Tier_SalesOrder" time="0.0">
    <ignored/>
  </testcase> <!-- Tier_SalesOrder -->
  <testcase classname="dailyTesting_911.Ecom_Nine11" name="refund_order" time="0.0">
    <ignored/>
  </testcase> <!-- refund_order -->
  <testcase classname="dailyTesting_911.Ecom_Nine11" name="Settings" time="0.0">
    <ignored/>
  </testcase> <!-- Settings -->
  <testcase classname="dailyTesting_911.Ecom_Nine11" name="Place_Order" time="0.0">
    <ignored/>
  </testcase> <!-- Place_Order -->
  <testcase classname="dailyTesting_911.Ecom_Nine11" name="SubscriptionAnalytics_SalesOrder" time="0.0">
    <ignored/>
  </testcase> <!-- SubscriptionAnalytics_SalesOrder -->
  <testcase classname="dailyTesting_911.Ecom_Nine11" name="Create_GiftCard" time="0.0">
    <ignored/>
  </testcase> <!-- Create_GiftCard -->
  <testcase classname="dailyTesting_911.Ecom_Nine11" name="PaymentMethods" time="0.0">
    <ignored/>
  </testcase> <!-- PaymentMethods -->
  <testcase classname="dailyTesting_911.Ecom_Nine11" name="Cources_SalesOrder" time="0.0">
    <ignored/>
  </testcase> <!-- Cources_SalesOrder -->
  <testcase classname="dailyTesting_911.Ecom_Nine11" name="Customer_Hub" time="0.0">
    <ignored/>
  </testcase> <!-- Customer_Hub -->
  <testcase classname="dailyTesting_911.Ecom_Nine11" name="Inventory_TierProducts" time="0.0">
    <ignored/>
  </testcase> <!-- Inventory_TierProducts -->
  <testcase classname="dailyTesting_911.Ecom_Nine11" name="Invoice_SalesOrder" time="0.0">
    <ignored/>
  </testcase> <!-- Invoice_SalesOrder -->
  <testcase classname="dailyTesting_911.Ecom_Nine11" name="PriceAdjustment" time="0.0">
    <ignored/>
  </testcase> <!-- PriceAdjustment -->
  <testcase classname="dailyTesting_911.Ecom_Nine11" name="Pricing" time="0.0">
    <ignored/>
  </testcase> <!-- Pricing -->
  <testcase classname="dailyTesting_911.Ecom_Nine11" name="subscription_SalesOrder" time="0.0">
    <ignored/>
  </testcase> <!-- subscription_SalesOrder -->
  <testcase classname="dailyTesting_911.Ecom_Nine11" name="OneTime_SalesOrder" time="0.0">
    <ignored/>
  </testcase> <!-- OneTime_SalesOrder -->
  <testcase classname="dailyTesting_911.Ecom_Nine11" name="Create_Discount" time="0.0">
    <ignored/>
  </testcase> <!-- Create_Discount -->
  <testcase classname="dailyTesting_911.Ecom_Nine11" name="Services_SalesOrder" time="0.0">
    <ignored/>
  </testcase> <!-- Services_SalesOrder -->
  <testcase classname="dailyTesting_911.Ecom_Nine11" name="Product_Actions" time="0.0">
    <ignored/>
  </testcase> <!-- Product_Actions -->
</testsuite> <!-- 911 Testing  -->
