<?xml version="1.0" encoding="UTF-8"?>
<!-- Generated by org.testng.reporters.JUnitXMLReporter -->
<testsuite ignored="16" hostname="nadsoft013" failures="0" tests="1" name="Contacts Test" time="247.422" errors="0" timestamp="2026-02-25T20:33:31 IST">
  <testcase classname="dailyTesting_911.Ecom_Nine11" name="SubscriptionAnalytics_SalesOrder" time="233.027"/>
  <testcase classname="dailyTesting_911.Ecom_Nine11" name="Product_Actions" time="0.0">
    <ignored/>
  </testcase> <!-- Product_Actions -->
  <testcase classname="dailyTesting_911.Ecom_Nine11" name="PremadeGift_SalesOrder" time="0.0">
    <ignored/>
  </testcase> <!-- PremadeGift_SalesOrder -->
  <testcase classname="dailyTesting_911.Ecom_Nine11" name="Invoice_SalesOrder" time="0.0">
    <ignored/>
  </testcase> <!-- Invoice_SalesOrder -->
  <testcase classname="dailyTesting_911.Ecom_Nine11" name="OneTime_SalesOrder" time="0.0">
    <ignored/>
  </testcase> <!-- OneTime_SalesOrder -->
  <testcase classname="dailyTesting_911.Ecom_Nine11" name="Tier_SalesOrder" time="0.0">
    <ignored/>
  </testcase> <!-- Tier_SalesOrder -->
  <testcase classname="dailyTesting_911.Ecom_Nine11" name="VirtualTerminal_salesOrder" time="0.0">
    <ignored/>
  </testcase> <!-- VirtualTerminal_salesOrder -->
  <testcase classname="dailyTesting_911.Ecom_Nine11" name="Check_Filter" time="0.0">
    <ignored/>
  </testcase> <!-- Check_Filter -->
  <testcase classname="dailyTesting_911.Ecom_Nine11" name="Inventory_TierProducts" time="0.0">
    <ignored/>
  </testcase> <!-- Inventory_TierProducts -->
  <testcase classname="dailyTesting_911.Ecom_Nine11" name="Cources_SalesOrder" time="0.0">
    <ignored/>
  </testcase> <!-- Cources_SalesOrder -->
  <testcase classname="dailyTesting_911.Ecom_Nine11" name="refund_order" time="0.0">
    <ignored/>
  </testcase> <!-- refund_order -->
  <testcase classname="dailyTesting_911.Ecom_Nine11" name="Order_status" time="0.0">
    <ignored/>
  </testcase> <!-- Order_status -->
  <testcase classname="dailyTesting_911.Ecom_Nine11" name="Edit_order" time="0.0">
    <ignored/>
  </testcase> <!-- Edit_order -->
  <testcase classname="dailyTesting_911.Ecom_Nine11" name="Place_Order" time="0.0">
    <ignored/>
  </testcase> <!-- Place_Order -->
  <testcase classname="dailyTesting_911.Ecom_Nine11" name="NonInventory_OneTimeProducts" time="0.0">
    <ignored/>
  </testcase> <!-- NonInventory_OneTimeProducts -->
  <testcase classname="dailyTesting_911.Ecom_Nine11" name="subscription_SalesOrder" time="0.0">
    <ignored/>
  </testcase> <!-- subscription_SalesOrder -->
  <testcase classname="dailyTesting_911.Ecom_Nine11" name="Inventory_SuscriptionProducts" time="0.0">
    <ignored/>
  </testcase> <!-- Inventory_SuscriptionProducts -->
</testsuite> <!-- Contacts Test -->
