<?xml version="1.0" encoding="UTF-8"?>
<!-- Generated by org.testng.reporters.JUnitXMLReporter -->
<testsuite ignored="19" hostname="nadsoft013" failures="1" tests="1" name="Contacts Test" time="61.779" errors="0" timestamp="2026-02-27T19:46:36 IST">
  <testcase classname="dailyTesting_911.Ecom_Nine11" name="Create_GiftCard" time="41.189">
    <failure type="org.openqa.selenium.NoSuchElementException" message="Unable to find element with locator By.cssSelector: input#email
For documentation on this error, please visit: https://www.selenium.dev/documentation/webdriver/troubleshooting/errors#no-such-element-exception
Build info: version: &amp;apos;4.13.0&amp;apos;, revision: &amp;apos;ba948ece5b*&amp;apos;
System info: os.name: &amp;apos;Linux&amp;apos;, os.arch: &amp;apos;amd64&amp;apos;, os.version: &amp;apos;5.15.0-139-generic&amp;apos;, java.version: &amp;apos;21.0.1&amp;apos;
Driver info: driver.version: RemoteWebDriver">
      <![CDATA[org.openqa.selenium.NoSuchElementException: Unable to find element with locator By.cssSelector: input#email
For documentation on this error, please visit: https://www.selenium.dev/documentation/webdriver/troubleshooting/errors#no-such-element-exception
Build info: version: '4.13.0', revision: 'ba948ece5b*'
System info: os.name: 'Linux', os.arch: 'amd64', os.version: '5.15.0-139-generic', java.version: '21.0.1'
Driver info: driver.version: RemoteWebDriver
at org.openqa.selenium.remote.ElementLocation$ElementFinder$2.findElement(ElementLocation.java:168)
at org.openqa.selenium.remote.ElementLocation.findElement(ElementLocation.java:59)
at org.openqa.selenium.remote.RemoteWebDriver.findElement(RemoteWebDriver.java:359)
at org.openqa.selenium.remote.RemoteWebDriver.findElement(RemoteWebDriver.java:353)
at dailyTesting_911.Ecom_Nine11.Create_GiftCard(Ecom_Nine11.java:4698)
at java.base/java.util.ArrayList.forEach(ArrayList.java:1596)
at java.base/java.util.concurrent.FutureTask.run(FutureTask.java:317)
at java.base/java.util.concurrent.ThreadPoolExecutor.runWorker(ThreadPoolExecutor.java:1144)
at java.base/java.util.concurrent.ThreadPoolExecutor$Worker.run(ThreadPoolExecutor.java:642)
at java.base/java.lang.Thread.run(Thread.java:1583)
... Removed 15 stack frames]]>
    </failure>
  </testcase> <!-- Create_GiftCard -->
  <testcase classname="dailyTesting_911.Ecom_Nine11" name="OneTime_SalesOrder" time="0.0">
    <ignored/>
  </testcase> <!-- OneTime_SalesOrder -->
  <testcase classname="dailyTesting_911.Ecom_Nine11" name="PremadeGift_SalesOrder" time="0.0">
    <ignored/>
  </testcase> <!-- PremadeGift_SalesOrder -->
  <testcase classname="dailyTesting_911.Ecom_Nine11" name="NonInventory_OneTimeProducts" time="0.0">
    <ignored/>
  </testcase> <!-- NonInventory_OneTimeProducts -->
  <testcase classname="dailyTesting_911.Ecom_Nine11" name="Place_Order" time="0.0">
    <ignored/>
  </testcase> <!-- Place_Order -->
  <testcase classname="dailyTesting_911.Ecom_Nine11" name="Check_Filter" time="0.0">
    <ignored/>
  </testcase> <!-- Check_Filter -->
  <testcase classname="dailyTesting_911.Ecom_Nine11" name="Order_status" time="0.0">
    <ignored/>
  </testcase> <!-- Order_status -->
  <testcase classname="dailyTesting_911.Ecom_Nine11" name="Invoice_SalesOrder" time="0.0">
    <ignored/>
  </testcase> <!-- Invoice_SalesOrder -->
  <testcase classname="dailyTesting_911.Ecom_Nine11" name="Inventory_TierProducts" time="0.0">
    <ignored/>
  </testcase> <!-- Inventory_TierProducts -->
  <testcase classname="dailyTesting_911.Ecom_Nine11" name="VirtualTerminal_salesOrder" time="0.0">
    <ignored/>
  </testcase> <!-- VirtualTerminal_salesOrder -->
  <testcase classname="dailyTesting_911.Ecom_Nine11" name="Create_Discount" time="0.0">
    <ignored/>
  </testcase> <!-- Create_Discount -->
  <testcase classname="dailyTesting_911.Ecom_Nine11" name="Cources_SalesOrder" time="0.0">
    <ignored/>
  </testcase> <!-- Cources_SalesOrder -->
  <testcase classname="dailyTesting_911.Ecom_Nine11" name="Product_Actions" time="0.0">
    <ignored/>
  </testcase> <!-- Product_Actions -->
  <testcase classname="dailyTesting_911.Ecom_Nine11" name="subscription_SalesOrder" time="0.0">
    <ignored/>
  </testcase> <!-- subscription_SalesOrder -->
  <testcase classname="dailyTesting_911.Ecom_Nine11" name="Inventory_SuscriptionProducts" time="0.0">
    <ignored/>
  </testcase> <!-- Inventory_SuscriptionProducts -->
  <testcase classname="dailyTesting_911.Ecom_Nine11" name="Edit_order" time="0.0">
    <ignored/>
  </testcase> <!-- Edit_order -->
  <testcase classname="dailyTesting_911.Ecom_Nine11" name="Tier_SalesOrder" time="0.0">
    <ignored/>
  </testcase> <!-- Tier_SalesOrder -->
  <testcase classname="dailyTesting_911.Ecom_Nine11" name="SubscriptionAnalytics_SalesOrder" time="0.0">
    <ignored/>
  </testcase> <!-- SubscriptionAnalytics_SalesOrder -->
  <testcase classname="dailyTesting_911.Ecom_Nine11" name="Services_SalesOrder" time="0.0">
    <ignored/>
  </testcase> <!-- Services_SalesOrder -->
  <testcase classname="dailyTesting_911.Ecom_Nine11" name="refund_order" time="0.0">
    <ignored/>
  </testcase> <!-- refund_order -->
</testsuite> <!-- Contacts Test -->
