<?xml version="1.0" encoding="UTF-8"?>
<!-- Generated by org.testng.reporters.JUnitXMLReporter -->
<testsuite ignored="0" hostname="DESKTOP-NF8SMKI" failures="1" tests="1" name="911(failed)(failed)" time="85.999" errors="0" timestamp="2025-08-07T19:24:48 IST">
  <testcase classname="DailyTesting.Nine11" name="Products" time="71.84">
    <failure type="java.lang.AssertionError" message="Product Listing Not Found expected [true] but found [false]">
      <![CDATA[java.lang.AssertionError: Product Listing Not Found expected [true] but found [false]
at DailyTesting.Nine11.Products(Nine11.java:98)
at java.base/java.util.ArrayList.forEach(ArrayList.java:1597)
... Removed 28 stack frames]]>
    </failure>
  </testcase> <!-- Products -->
</testsuite> <!-- 911(failed)(failed) -->
